2024-12-15T16:28:15.389Z [info] Web Server Initialized
2024-12-15T16:28:15.399Z [info] Web interface running at http://localhost:3000
2024-12-15T16:28:16.824Z [info] Bot viewer running at http://localhost:3001
2024-12-15T16:28:17.275Z [info] Bot spawned in game
2024-12-15T16:28:56.232Z [info] Web Server Initialized
2024-12-15T16:28:56.242Z [info] Web interface running at http://localhost:3000
2024-12-15T16:28:57.677Z [info] Bot viewer running at http://localhost:3001
2024-12-15T16:28:58.137Z [info] Bot spawned in game
2024-12-15T16:29:21.748Z [info] Web Server Initialized
2024-12-15T16:29:21.758Z [info] Web interface running at http://localhost:3000
2024-12-15T16:29:23.198Z [info] Bot viewer running at http://localhost:3001
2024-12-15T16:29:23.644Z [info] Bot spawned in game
2024-12-15T16:31:49.998Z [info] Web Server Initialized
2024-12-15T16:31:50.007Z [info] Web interface running at http://localhost:3000
2024-12-15T16:31:51.387Z [info] Bot viewer running at http://localhost:3001
2024-12-15T16:31:51.823Z [info] Bot spawned in game
2024-12-15T16:31:57.890Z [info] d
2024-12-15T16:31:58.017Z [info] w
2024-12-15T16:31:58.117Z [info] a
2024-12-15T16:31:58.283Z [info] d
2024-12-15T16:31:58.407Z [info] a
2024-12-15T16:31:58.468Z [info] s
2024-12-15T16:31:58.637Z [info] d
2024-12-15T16:31:58.853Z [info]  
2024-12-15T16:31:59.047Z [info] d
2024-12-15T16:31:59.131Z [info] a
2024-12-15T16:31:59.174Z [info]  
2024-12-15T16:31:59.239Z [info] w
2024-12-15T16:31:59.422Z [info] a
2024-12-15T16:31:59.762Z [info] w
2024-12-15T16:31:59.857Z [info] w
2024-12-15T16:32:01.100Z [info] w
2024-12-15T16:32:01.205Z [info] d
2024-12-15T16:32:01.307Z [info] a
2024-12-15T16:32:01.391Z [info] w
2024-12-15T16:32:01.610Z [info] a
2024-12-15T16:32:01.645Z [info] s
2024-12-15T16:32:01.770Z [info] d
2024-12-15T16:32:14.486Z [info] d
2024-12-15T16:32:24.156Z [info] a
2024-12-15T16:32:26.575Z [info] w
2024-12-15T16:32:27.326Z [info] s
2024-12-15T16:32:27.838Z [info] a
2024-12-15T16:32:28.207Z [info] s
2024-12-15T16:32:28.466Z [info] d
2024-12-15T16:32:28.694Z [info] w
2024-12-15T16:32:28.924Z [info] a
2024-12-15T16:32:29.149Z [info] s
2024-12-15T16:32:29.410Z [info] d
2024-12-15T16:32:29.664Z [info] w
2024-12-15T16:32:29.914Z [info] a
2024-12-15T16:32:30.219Z [info] s
2024-12-15T16:32:30.483Z [info] d
2024-12-15T16:32:30.728Z [info] w
2024-12-15T16:32:30.902Z [info] a
2024-12-15T16:32:31.165Z [info] s
2024-12-15T16:32:31.253Z [info] d
2024-12-15T16:32:31.489Z [info] w
2024-12-15T16:32:31.683Z [info] a
2024-12-15T16:32:31.921Z [info] s
2024-12-15T16:32:32.058Z [info] d
2024-12-15T16:32:45.874Z [info] d
2024-12-15T16:32:46.084Z [info] a
2024-12-15T16:32:46.135Z [info] w
2024-12-15T16:32:46.297Z [info] d
2024-12-15T16:32:46.447Z [info] a
2024-12-15T16:32:46.490Z [info] s
2024-12-15T16:32:46.642Z [info] d
2024-12-15T16:32:46.815Z [info] a
2024-12-15T16:32:47.850Z [info] d
2024-12-15T16:32:47.963Z [info] a
2024-12-15T16:32:48.011Z [info] w
2024-12-15T16:32:48.139Z [info] d
2024-12-15T16:32:48.294Z [info] a
2024-12-15T16:32:48.379Z [info] w
2024-12-15T16:32:48.416Z [info] d
2024-12-15T16:32:48.771Z [info] a
2024-12-15T16:32:50.015Z [info] s
2024-12-15T16:32:50.267Z [info] a
2024-12-15T16:32:50.541Z [info] s
2024-12-15T16:32:50.587Z [info] a
2024-12-15T16:32:50.771Z [info] s
2024-12-15T16:34:20.145Z [info] d
2024-12-15T16:34:20.241Z [info] w
2024-12-15T16:34:20.289Z [info] a
2024-12-15T16:34:20.426Z [info] d
2024-12-15T16:41:04.316Z [info] Web Server Initialized
2024-12-15T16:41:04.334Z [info] Web interface running at http://localhost:3000
2024-12-15T16:41:05.798Z [info] Bot viewer running at http://localhost:3001
2024-12-15T16:41:06.263Z [info] Bot spawned in game
2024-12-15T16:41:16.438Z [info] d
2024-12-15T16:41:16.622Z [info] a
2024-12-15T16:41:16.847Z [info] d
2024-12-15T16:41:17.628Z [info] a
2024-12-15T16:41:18.087Z [info] s
2024-12-15T16:41:18.537Z [info] w
2024-12-15T16:41:22.164Z [info]  
2024-12-15T16:41:23.539Z [info]  
2024-12-15T16:41:25.024Z [info] d
2024-12-15T16:41:26.606Z [info] w
2024-12-15T16:41:26.770Z [info] a
2024-12-15T16:41:26.900Z [info] d
2024-12-15T16:41:27.499Z [info] d
2024-12-15T16:41:27.538Z [info] a
2024-12-15T16:41:27.675Z [info] w
2024-12-15T16:41:27.789Z [info] d
2024-12-15T16:41:27.919Z [info] a
2024-12-15T16:41:28.832Z [info] a
2024-12-15T16:41:29.130Z [info] s
2024-12-15T16:42:43.274Z [info] d
2024-12-15T16:42:43.376Z [info] w
2024-12-15T16:42:43.854Z [info] d
2024-12-15T16:42:50.320Z [info] s
2024-12-15T16:42:50.737Z [info] a
2024-12-15T16:42:50.958Z [info] s
2024-12-15T16:42:51.153Z [info] d
2024-12-15T16:42:51.325Z [info] w
2024-12-15T16:42:51.499Z [info] a
2024-12-15T16:42:51.641Z [info] s
2024-12-15T16:42:51.794Z [info] d
2024-12-15T16:42:51.966Z [info] w
2024-12-15T16:42:52.532Z [info] a
2024-12-15T16:42:52.692Z [info] s
2024-12-15T16:42:52.837Z [info] d
2024-12-15T16:42:53.167Z [info] w
2024-12-15T16:46:31.009Z [info] Web Server Initialized
2024-12-15T16:46:31.021Z [info] Web interface running at http://localhost:3000
2024-12-15T16:46:32.603Z [info] Bot viewer running at http://localhost:3001
2024-12-15T16:46:33.172Z [info] Bot spawned in game
2024-12-15T16:47:24.109Z [info] Web Server Initialized
2024-12-15T16:47:24.119Z [info] Web interface running at http://localhost:3000
2024-12-15T16:47:25.580Z [info] Bot viewer running at http://localhost:3001
2024-12-15T16:47:26.020Z [info] Bot spawned in game
2024-12-15T16:47:44.254Z [info] Key pressed: s
2024-12-15T16:47:44.492Z [info] Key released: s
2024-12-15T16:47:47.674Z [info] Key pressed: w
2024-12-15T16:47:47.840Z [info] Key released: w
2024-12-15T16:47:47.910Z [info] Key pressed: a
2024-12-15T16:47:48.091Z [info] Key released: a
2024-12-15T16:47:48.182Z [info] Key pressed: d
2024-12-15T16:47:48.294Z [info] Key pressed: s
2024-12-15T16:47:48.335Z [info] Key released: d
2024-12-15T16:47:48.499Z [info] Key released: s
2024-12-15T16:47:49.115Z [info] Key pressed: d
2024-12-15T16:47:50.352Z [info] Key released: d
2024-12-15T16:47:51.868Z [info] Key pressed: a
2024-12-15T16:47:52.426Z [info] Key released: a
2024-12-15T16:49:18.839Z [info] Web Server Initialized
2024-12-15T16:49:18.848Z [info] Web interface running at http://localhost:3000
2024-12-15T16:49:20.247Z [info] Bot viewer running at http://localhost:3001
2024-12-15T16:49:20.778Z [info] Bot spawned in game
2024-12-15T16:49:24.005Z [info] Key pressed: d
2024-12-15T16:49:24.138Z [info] Key released: d
2024-12-15T16:49:24.381Z [info] Key pressed: a
2024-12-15T16:49:24.478Z [info] Key released: a
2024-12-15T16:49:24.675Z [info] Key pressed: s
2024-12-15T16:49:24.764Z [info] Key released: s
2024-12-15T16:50:42.031Z [info] Key pressed:  
2024-12-15T16:50:42.185Z [info] Key released:  
2024-12-15T16:50:56.103Z [info] Key pressed: d
2024-12-15T16:50:56.307Z [info] Key released: d
2024-12-15T16:50:56.399Z [info] Key pressed: a
2024-12-15T16:50:56.532Z [info] Key released: a
2024-12-15T16:50:56.810Z [info] Key pressed: w
2024-12-15T16:50:56.956Z [info] Key released: w
2024-12-15T16:50:57.158Z [info] Key pressed: a
2024-12-15T16:50:57.261Z [info] Key released: a
2024-12-15T16:50:57.455Z [info] Key pressed: s
2024-12-15T16:50:57.608Z [info] Key released: s
2024-12-15T16:50:57.640Z [info] Key pressed: d
2024-12-15T16:50:57.726Z [info] Key released: d
2024-12-15T16:50:57.943Z [info] Key pressed:  
2024-12-15T16:50:58.050Z [info] Key released:  
2024-12-15T16:52:09.171Z [info] Web Server Initialized
2024-12-15T16:52:09.186Z [info] Web interface running at http://localhost:3000
2024-12-15T16:52:10.709Z [info] Bot viewer running at http://localhost:3001
2024-12-15T16:52:11.214Z [info] Bot spawned in game
2024-12-15T16:52:13.915Z [info] Key pressed: a
2024-12-15T16:52:14.052Z [info] Key released: a
2024-12-15T16:52:14.439Z [info] Key pressed: d
2024-12-15T16:52:14.521Z [info] Key released: d
2024-12-15T16:52:15.125Z [info] Key pressed: e
2024-12-15T16:52:15.126Z [info] clickToMenu function called
2024-12-15T16:52:15.126Z [info] Menu clicked. isClickToMenuMode: true
2024-12-15T16:52:15.293Z [info] Key released: e
2024-12-15T16:52:31.299Z [info] Key pressed: e
2024-12-15T16:52:31.299Z [info] clickToMenu function called
2024-12-15T16:52:31.300Z [info] Menu clicked. isClickToMenuMode: false
2024-12-15T16:52:31.431Z [info] Key released: e
2024-12-15T16:52:32.238Z [info] Key pressed: e
2024-12-15T16:52:32.239Z [info] clickToMenu function called
2024-12-15T16:52:32.239Z [info] Menu clicked. isClickToMenuMode: true
2024-12-15T16:52:32.374Z [info] Key released: e
2024-12-15T16:52:34.190Z [info] Key pressed: e
2024-12-15T16:52:34.191Z [info] clickToMenu function called
2024-12-15T16:52:34.191Z [info] Menu clicked. isClickToMenuMode: false
2024-12-15T16:52:34.321Z [info] Key released: e
2024-12-15T16:58:17.088Z [info] Web Server Initialized
2024-12-15T16:58:17.101Z [info] Web interface running at http://localhost:3000
2024-12-15T16:58:18.624Z [info] Bot viewer running at http://localhost:3001
2024-12-15T16:58:19.139Z [info] Bot spawned in game
2024-12-15T16:58:30.318Z [info] d
2024-12-15T16:58:30.825Z [info] a
2024-12-15T16:58:31.752Z [info] clickToMenu function called
2024-12-15T16:58:31.771Z [info] clickToMenu function called
2024-12-15T16:58:31.822Z [info] clickToMenu function called
2024-12-15T16:58:31.873Z [info] clickToMenu function called
2024-12-15T16:58:31.906Z [info] e
2024-12-15T16:59:09.220Z [info] Bot spawned in game
2024-12-15T17:00:01.256Z [info] Web Server Initialized
2024-12-15T17:00:01.266Z [info] Web interface running at http://localhost:3000
2024-12-15T17:00:02.747Z [info] Bot viewer running at http://localhost:3001
2024-12-15T17:00:03.258Z [info] Bot spawned in game
2024-12-15T17:00:08.691Z [info] clickToMenu function called
2024-12-15T17:00:08.698Z [info] clickToMenu function called
2024-12-15T17:00:08.748Z [info] clickToMenu function called
2024-12-15T17:00:08.798Z [info] clickToMenu function called
2024-12-15T17:00:53.622Z [info] Bot spawned in game
2024-12-15T17:01:45.913Z [info] clickToMenu function called
2024-12-15T17:01:45.936Z [info] clickToMenu function called
2024-12-15T17:01:45.986Z [info] clickToMenu function called
2024-12-15T17:01:46.036Z [info] clickToMenu function called
2024-12-15T17:05:13.483Z [info] Web Server Initialized
2024-12-15T17:05:13.493Z [info] Web interface running at http://localhost:3000
2024-12-15T17:05:14.728Z [info] Bot viewer running at http://localhost:3001
2024-12-15T17:05:15.197Z [info] Bot spawned in game
2024-12-15T17:05:22.032Z [info] clickToMenu function called
2024-12-15T17:05:22.053Z [info] clickToMenu function called
2024-12-15T17:05:22.104Z [info] clickToMenu function called
2024-12-15T17:05:22.154Z [info] clickToMenu function called
2024-12-15T17:05:22.537Z [info] clickToMenu function called
2024-12-15T17:05:22.558Z [info] clickToMenu function called
2024-12-15T17:05:22.617Z [info] clickToMenu function called
2024-12-15T17:05:22.749Z [info] clickToMenu function called
2024-12-15T17:05:22.774Z [info] clickToMenu function called
2024-12-15T17:05:22.825Z [info] clickToMenu function called
2024-12-15T17:05:22.875Z [info] clickToMenu function called
2024-12-15T17:05:23.023Z [info] clickToMenu function called
2024-12-15T17:05:23.025Z [info] clickToMenu function called
2024-12-15T17:05:23.031Z [info] clickToMenu function called
2024-12-15T17:05:23.077Z [info] clickToMenu function called
2024-12-15T17:05:23.127Z [info] clickToMenu function called
2024-12-15T17:05:23.328Z [info] clickToMenu function called
2024-12-15T17:05:23.330Z [info] clickToMenu function called
2024-12-15T17:05:23.374Z [info] clickToMenu function called
2024-12-15T17:05:23.380Z [info] clickToMenu function called
2024-12-15T17:05:23.430Z [info] clickToMenu function called
2024-12-15T17:05:23.595Z [info] clickToMenu function called
2024-12-15T17:05:23.632Z [info] clickToMenu function called
2024-12-15T17:05:23.638Z [info] clickToMenu function called
2024-12-15T17:05:23.682Z [info] clickToMenu function called
2024-12-15T17:05:23.732Z [info] clickToMenu function called
2024-12-15T17:05:23.816Z [info] clickToMenu function called
2024-12-15T17:05:23.833Z [info] clickToMenu function called
2024-12-15T17:05:23.883Z [info] clickToMenu function called
2024-12-15T17:05:23.933Z [info] clickToMenu function called
2024-12-15T17:05:24.015Z [info] clickToMenu function called
2024-12-15T17:05:24.034Z [info] clickToMenu function called
2024-12-15T17:05:24.084Z [info] clickToMenu function called
2024-12-15T17:05:24.134Z [info] clickToMenu function called
2024-12-15T17:05:24.329Z [info] clickToMenu function called
2024-12-15T17:05:24.337Z [info] clickToMenu function called
2024-12-15T17:05:24.347Z [info] clickToMenu function called
2024-12-15T17:05:24.387Z [info] clickToMenu function called
2024-12-15T17:05:24.438Z [info] clickToMenu function called
2024-12-15T17:05:24.531Z [info] clickToMenu function called
2024-12-15T17:05:24.538Z [info] clickToMenu function called
2024-12-15T17:05:24.577Z [info] clickToMenu function called
2024-12-15T17:05:24.588Z [info] clickToMenu function called
2024-12-15T17:05:24.638Z [info] clickToMenu function called
2024-12-15T17:05:24.739Z [info] clickToMenu function called
2024-12-15T17:05:24.788Z [info] clickToMenu function called
2024-12-15T17:05:24.939Z [info] clickToMenu function called
2024-12-15T17:05:24.991Z [info] clickToMenu function called
2024-12-15T17:05:34.528Z [info] Web Server Initialized
2024-12-15T17:05:34.542Z [info] Web interface running at http://localhost:3000
2024-12-15T17:05:35.832Z [info] Bot viewer running at http://localhost:3001
2024-12-15T17:05:36.284Z [info] Bot spawned in game
2024-12-15T17:05:39.757Z [info] clickToMenu function called
2024-12-15T17:05:39.766Z [info] clickToMenu function called
2024-12-15T17:05:39.818Z [info] clickToMenu function called
2024-12-15T17:05:39.868Z [info] clickToMenu function called
2024-12-15T17:05:54.647Z [info] clickToMenu function called
2024-12-15T17:05:54.696Z [info] clickToMenu function called
2024-12-15T17:05:54.746Z [info] clickToMenu function called
2024-12-15T17:05:54.797Z [info] clickToMenu function called
2024-12-15T17:05:54.880Z [info] clickToMenu function called
2024-12-15T17:05:54.900Z [info] clickToMenu function called
2024-12-15T17:05:54.950Z [info] clickToMenu function called
2024-12-15T17:05:55.000Z [info] clickToMenu function called
2024-12-15T17:05:55.553Z [info] clickToMenu function called
2024-12-15T17:05:55.554Z [info] clickToMenu function called
2024-12-15T17:05:55.583Z [info] clickToMenu function called
2024-12-15T17:05:55.604Z [info] clickToMenu function called
2024-12-15T17:05:55.654Z [info] clickToMenu function called
2024-12-15T17:05:55.705Z [info] clickToMenu function called
2024-12-15T17:05:55.801Z [info] clickToMenu function called
2024-12-15T17:05:55.805Z [info] clickToMenu function called
2024-12-15T17:05:55.855Z [info] clickToMenu function called
2024-12-15T17:05:55.897Z [info] clickToMenu function called
2024-12-15T17:05:55.906Z [info] clickToMenu function called
2024-12-15T17:05:56.019Z [info] clickToMenu function called
2024-12-15T17:05:56.057Z [info] clickToMenu function called
2024-12-15T17:05:56.108Z [info] clickToMenu function called
2024-12-15T17:05:56.235Z [info] clickToMenu function called
2024-12-15T17:05:56.260Z [info] clickToMenu function called
2024-12-15T17:05:56.311Z [info] clickToMenu function called
2024-12-15T17:05:56.362Z [info] clickToMenu function called
2024-12-15T17:05:56.450Z [info] clickToMenu function called
2024-12-15T17:05:56.464Z [info] clickToMenu function called
2024-12-15T17:05:56.617Z [info] clickToMenu function called
2024-12-15T17:05:56.617Z [info] clickToMenu function called
2024-12-15T17:05:56.668Z [info] clickToMenu function called
2024-12-15T17:11:08.353Z [info] Web Server Initialized
2024-12-15T17:11:08.362Z [info] Web interface running at http://localhost:3000
2024-12-15T17:11:09.652Z [info] Bot viewer running at http://localhost:3001
2024-12-15T17:11:10.100Z [info] Bot spawned in game
2024-12-15T17:12:19.722Z [info] Web Server Initialized
2024-12-15T17:12:19.731Z [info] Web interface running at http://localhost:3000
2024-12-15T17:12:20.949Z [info] Bot viewer running at http://localhost:3001
2024-12-15T17:12:21.387Z [info] Bot spawned in game
2024-12-15T17:12:28.107Z [info] clickToMenu function called
2024-12-15T17:12:28.148Z [info] clickToMenu function called
2024-12-15T17:12:28.198Z [info] clickToMenu function called
2024-12-15T17:12:28.248Z [info] clickToMenu function called
2024-12-15T17:12:28.349Z [info] clickToMenu function called
2024-12-15T17:12:28.352Z [info] clickToMenu function called
2024-12-15T17:12:28.403Z [info] clickToMenu function called
2024-12-15T17:12:28.516Z [info] clickToMenu function called
2024-12-15T17:12:28.554Z [info] clickToMenu function called
2024-12-15T17:12:28.604Z [info] clickToMenu function called
2024-12-15T17:12:56.822Z [info] Web Server Initialized
2024-12-15T17:12:56.833Z [info] Web interface running at http://localhost:3000
2024-12-15T17:12:58.526Z [info] Bot viewer running at http://localhost:3001
2024-12-15T17:12:59.077Z [info] Bot spawned in game
2024-12-15T17:13:03.711Z [info] clickToMenu function called
2024-12-15T17:13:03.746Z [info] clickToMenu function called
2024-12-15T17:13:03.796Z [info] clickToMenu function called
2024-12-15T17:13:03.878Z [info] clickToMenu function called
2024-12-15T17:13:15.655Z [info] clickToMenu function called
2024-12-15T17:13:15.689Z [info] clickToMenu function called
2024-12-15T17:13:15.810Z [info] clickToMenu function called
2024-12-15T17:13:15.841Z [info] clickToMenu function called
2024-12-15T17:13:15.891Z [info] clickToMenu function called
2024-12-15T17:13:15.942Z [info] clickToMenu function called
2024-12-15T17:13:15.992Z [info] clickToMenu function called
2024-12-15T17:13:16.043Z [info] clickToMenu function called
2024-12-15T17:13:16.094Z [info] clickToMenu function called
2024-12-15T17:13:16.145Z [info] clickToMenu function called
2024-12-15T17:13:16.197Z [info] clickToMenu function called
2024-12-15T17:13:16.247Z [info] clickToMenu function called
2024-12-15T17:13:16.297Z [info] clickToMenu function called
2024-12-15T17:13:16.346Z [info] clickToMenu function called
2024-12-15T17:13:16.397Z [info] clickToMenu function called
2024-12-15T17:13:16.446Z [info] clickToMenu function called
2024-12-15T17:13:16.497Z [info] clickToMenu function called
2024-12-15T17:13:16.547Z [info] clickToMenu function called
2024-12-15T17:13:16.597Z [info] clickToMenu function called
2024-12-15T17:13:17.507Z [info] clickToMenu function called
2024-12-15T17:13:17.556Z [info] clickToMenu function called
2024-12-15T17:13:17.759Z [info] clickToMenu function called
2024-12-15T17:13:17.802Z [info] clickToMenu function called
2024-12-15T17:13:17.808Z [info] clickToMenu function called
2024-12-15T17:13:17.858Z [info] clickToMenu function called
2024-12-15T17:13:17.908Z [info] clickToMenu function called
2024-12-15T17:13:17.987Z [info] clickToMenu function called
2024-12-15T17:13:18.008Z [info] clickToMenu function called
2024-12-15T17:13:18.042Z [info] clickToMenu function called
2024-12-15T17:13:18.058Z [info] clickToMenu function called
2024-12-15T17:13:18.189Z [info] clickToMenu function called
2024-12-15T17:13:18.209Z [info] clickToMenu function called
2024-12-15T17:13:18.361Z [info] clickToMenu function called
2024-12-15T17:13:18.362Z [info] clickToMenu function called
2024-12-15T17:13:18.413Z [info] clickToMenu function called
2024-12-15T17:13:18.518Z [info] clickToMenu function called
2024-12-15T17:13:18.564Z [info] clickToMenu function called
2024-12-15T17:13:18.615Z [info] clickToMenu function called
2024-12-15T17:13:18.666Z [info] clickToMenu function called
2024-12-15T17:13:18.717Z [info] clickToMenu function called
2024-12-15T17:13:18.768Z [info] clickToMenu function called
2024-12-15T17:13:18.818Z [info] clickToMenu function called
2024-12-15T17:13:18.869Z [info] clickToMenu function called
2024-12-15T17:13:18.919Z [info] clickToMenu function called
2024-12-15T17:13:18.969Z [info] clickToMenu function called
2024-12-15T17:13:19.019Z [info] clickToMenu function called
2024-12-15T17:13:19.069Z [info] clickToMenu function called
2024-12-15T17:13:19.119Z [info] clickToMenu function called
2024-12-15T17:13:19.171Z [info] clickToMenu function called
2024-12-15T17:13:19.221Z [info] clickToMenu function called
2024-12-15T17:13:19.271Z [info] clickToMenu function called
2024-12-15T17:13:19.321Z [info] clickToMenu function called
2024-12-15T17:13:19.371Z [info] clickToMenu function called
2024-12-15T17:13:19.421Z [info] clickToMenu function called
2024-12-15T17:13:19.471Z [info] clickToMenu function called
2024-12-15T17:13:19.521Z [info] clickToMenu function called
2024-12-15T17:13:19.571Z [info] clickToMenu function called
2024-12-15T17:13:19.621Z [info] clickToMenu function called
2024-12-15T17:13:19.672Z [info] clickToMenu function called
2024-12-15T17:13:19.722Z [info] clickToMenu function called
2024-12-15T17:13:19.774Z [info] clickToMenu function called
2024-12-15T17:13:19.824Z [info] clickToMenu function called
2024-12-15T17:13:19.875Z [info] clickToMenu function called
2024-12-15T17:13:19.988Z [info] clickToMenu function called
2024-12-15T17:13:20.026Z [info] clickToMenu function called
2024-12-15T17:13:20.159Z [info] clickToMenu function called
2024-12-15T17:13:20.176Z [info] clickToMenu function called
2024-12-15T17:13:20.313Z [info] clickToMenu function called
2024-12-15T17:13:20.328Z [info] clickToMenu function called
2024-12-15T17:13:20.378Z [info] clickToMenu function called
2024-12-15T17:14:34.050Z [info] Web Server Initialized
2024-12-15T17:14:34.066Z [info] Web interface running at http://localhost:3000
2024-12-15T17:14:52.742Z [info] Bot viewer running at http://localhost:3001
2024-12-15T17:14:53.258Z [info] Bot spawned in game
2024-12-15T17:14:53.259Z [info] Bot spawned in game
2024-12-15T17:15:34.026Z [info] clickToMenu function called
2024-12-15T17:15:34.070Z [info] clickToMenu function called
2024-12-15T17:15:34.121Z [info] clickToMenu function called
2024-12-15T17:15:34.510Z [info] clickToMenu function called
2024-12-15T17:15:37.641Z [info] clickToMenu function called
2024-12-15T17:15:37.688Z [info] clickToMenu function called
2024-12-15T17:15:37.739Z [info] clickToMenu function called
2024-12-15T17:15:38.130Z [info] clickToMenu function called
2024-12-15T17:15:40.294Z [info] clickToMenu function called
2024-12-15T17:17:42.395Z [info] Web Server Initialized
2024-12-15T17:17:42.410Z [info] Web interface running at http://localhost:3000
2024-12-15T17:18:11.268Z [info] Web Server Initialized
2024-12-15T17:18:11.278Z [info] Web interface running at http://localhost:3000
2024-12-15T17:18:20.254Z [info] Bot viewer running at http://localhost:3001
2024-12-15T17:18:20.723Z [info] Bot spawned in game
2024-12-15T17:18:20.724Z [info] Bot spawned in game
2024-12-15T17:19:29.376Z [info] clickToMenu function called
2024-12-15T17:19:29.384Z [info] clickToMenu function called
2024-12-15T17:19:29.434Z [info] clickToMenu function called
2024-12-15T17:19:29.486Z [info] clickToMenu function called
2024-12-15T17:19:29.870Z [info] clickToMenu function called
2024-12-15T17:20:59.920Z [info] Web Server Initialized
2024-12-15T17:20:59.930Z [info] Web interface running at http://localhost:3000
2024-12-15T17:21:01.476Z [info] Bot viewer running at http://localhost:3001
2024-12-15T17:21:01.978Z [info] Bot spawned in game
2024-12-15T17:23:43.226Z [info] Bot spawned in game
2024-12-15T17:28:57.097Z [info] Web Server Initialized
2024-12-15T17:28:57.108Z [info] Web interface running at http://localhost:3000
2024-12-15T17:29:13.611Z [info] Bot viewer running at http://localhost:3001
2024-12-15T17:29:14.540Z [info] Bot spawned in game
2024-12-15T17:29:14.542Z [info] Bot spawned in game
2024-12-15T17:29:47.404Z [info] clickToMenu function called
2024-12-15T17:29:47.424Z [info] clickToMenu function called
2024-12-15T17:29:47.474Z [info] clickToMenu function called
2024-12-15T17:29:47.955Z [info] clickToMenu function called
2024-12-15T17:30:13.502Z [info] clickToMenu function called
2024-12-15T17:30:13.522Z [info] clickToMenu function called
2024-12-15T17:30:13.572Z [info] clickToMenu function called
2024-12-15T17:30:14.332Z [info] clickToMenu function called
2024-12-15T17:30:14.337Z [info] clickToMenu function called
2024-12-15T17:30:15.996Z [info] clickToMenu function called
2024-12-15T17:30:34.508Z [info] clickToMenu function called
2024-12-15T17:30:34.540Z [info] clickToMenu function called
2024-12-15T17:30:34.591Z [info] clickToMenu function called
2024-12-15T17:31:05.070Z [info] clickToMenu function called
2024-12-15T17:31:05.115Z [info] clickToMenu function called
2024-12-15T17:31:05.165Z [info] clickToMenu function called
2024-12-15T17:31:06.807Z [info] clickToMenu function called
2024-12-15T17:31:46.418Z [info] clickToMenu function called
2024-12-15T17:31:46.461Z [info] clickToMenu function called
2024-12-15T17:31:46.512Z [info] clickToMenu function called
2024-12-15T17:31:49.549Z [info] clickToMenu function called
2024-12-15T17:31:49.555Z [info] clickToMenu function called
2024-12-15T17:31:49.556Z [info] clickToMenu function called
2024-12-15T17:31:49.556Z [info] clickToMenu function called
2024-12-15T17:31:49.557Z [info] clickToMenu function called
2024-12-15T17:31:49.557Z [info] clickToMenu function called
2024-12-15T17:31:49.557Z [info] clickToMenu function called
2024-12-15T17:31:49.557Z [info] clickToMenu function called
2024-12-15T17:31:49.557Z [info] clickToMenu function called
2024-12-15T17:31:49.558Z [info] clickToMenu function called
2024-12-15T17:31:49.558Z [info] clickToMenu function called
2024-12-15T17:31:49.558Z [info] clickToMenu function called
2024-12-15T17:31:49.558Z [info] clickToMenu function called
2024-12-15T17:31:49.558Z [info] clickToMenu function called
2024-12-15T17:31:49.558Z [info] clickToMenu function called
2024-12-15T17:31:49.558Z [info] clickToMenu function called
2024-12-15T17:31:49.559Z [info] clickToMenu function called
2024-12-15T17:31:53.905Z [info] clickToMenu function called
2024-12-15T17:32:17.756Z [info] Bot error: client timed out after 30000 milliseconds
2024-12-15T17:36:21.060Z [info] Web Server Initialized
2024-12-15T17:36:21.070Z [info] Web interface running at http://localhost:3000
2024-12-15T17:36:22.541Z [info] Bot viewer running at http://localhost:3001
2024-12-15T17:36:23.093Z [info] Bot spawned in game
2024-12-15T17:36:23.094Z [info] Bot spawned in game
2024-12-15T17:36:46.469Z [info] Web Server Initialized
2024-12-15T17:36:46.480Z [info] Web interface running at http://localhost:3000
2024-12-15T17:36:54.278Z [info] Bot viewer running at http://localhost:3001
2024-12-15T17:36:54.750Z [info] Bot spawned in game
2024-12-15T17:36:54.754Z [info] Bot spawned in game
2024-12-15T17:37:30.305Z [info] clickToMenu function called
2024-12-15T17:37:30.327Z [info] clickToMenu function called
2024-12-15T17:37:30.378Z [info] clickToMenu function called
2024-12-15T17:37:30.770Z [info] clickToMenu function called
2024-12-15T17:37:32.534Z [info] Bot spawned in game
2024-12-15T17:37:32.702Z [info] Bot spawned in game
2024-12-15T17:38:36.036Z [info] clickToMenu function called
2024-12-15T17:38:36.080Z [info] clickToMenu function called
2024-12-15T17:38:36.130Z [info] clickToMenu function called
2024-12-15T17:38:36.180Z [info] clickToMenu function called
